<?xml version="1.0" encoding="UTF-8"?>
<testng-results ignored="0" total="2" passed="2" failed="0" skipped="0">
  <reporter-output>
  </reporter-output>
  <suite started-at="2022-04-18T00:52:18 IST" name="com.suntecsbs.LoginAppTest" finished-at="2022-04-18T00:52:18 IST" duration-ms="40">
    <groups>
    </groups>
    <test started-at="2022-04-18T00:52:18 IST" name="Command line test" finished-at="2022-04-18T00:52:18 IST" duration-ms="40">
      <class name="com.suntecsbs.LoginAppTest">
        <test-method signature="loginTest1()[pri:0, instance:com.suntecsbs.LoginAppTest@4fb61f4a]" started-at="2022-04-18T00:52:18 IST" name="loginTest1" finished-at="2022-04-18T00:52:18 IST" duration-ms="8" status="PASS">
          <reporter-output>
          </reporter-output>
        </test-method> <!-- loginTest1 -->
        <test-method signature="loginTest2()[pri:0, instance:com.suntecsbs.LoginAppTest@4fb61f4a]" started-at="2022-04-18T00:52:18 IST" name="loginTest2" finished-at="2022-04-18T00:52:18 IST" duration-ms="1" status="PASS">
          <reporter-output>
          </reporter-output>
        </test-method> <!-- loginTest2 -->
      </class> <!-- com.suntecsbs.LoginAppTest -->
    </test> <!-- Command line test -->
  </suite> <!-- com.suntecsbs.LoginAppTest -->
</testng-results>
